2024-05-25 22:05:56 [ http-bio-8080-exec-9:0 ] - [ DEBUG ] CookieSpec selected: default
2024-05-25 22:05:56 [ http-bio-8080-exec-9:11 ] - [ DEBUG ] Auth cache not set in the context
2024-05-25 22:05:56 [ http-bio-8080-exec-9:12 ] - [ DEBUG ] Connection request: [route: {s}->https://wordsapiv1.p.rapidapi.com:443][total available: 0; route allocated: 0 of 2; total allocated: 0 of 20]
2024-05-25 22:05:56 [ http-bio-8080-exec-9:22 ] - [ DEBUG ] Connection leased: [id: 0][route: {s}->https://wordsapiv1.p.rapidapi.com:443][total available: 0; route allocated: 1 of 2; total allocated: 1 of 20]
2024-05-25 22:05:56 [ http-bio-8080-exec-9:24 ] - [ DEBUG ] Opening connection {s}->https://wordsapiv1.p.rapidapi.com:443
2024-05-25 22:05:56 [ http-bio-8080-exec-9:59 ] - [ DEBUG ] Connecting to wordsapiv1.p.rapidapi.com/3.77.84.135:443
2024-05-25 22:05:56 [ http-bio-8080-exec-9:59 ] - [ DEBUG ] Connecting socket to wordsapiv1.p.rapidapi.com/3.77.84.135:443 with timeout 0
2024-05-25 22:05:56 [ http-bio-8080-exec-9:124 ] - [ DEBUG ] Enabled protocols: [TLSv1.3, TLSv1.2]
2024-05-25 22:05:56 [ http-bio-8080-exec-9:125 ] - [ DEBUG ] Enabled cipher suites:[TLS_AES_256_GCM_SHA384, TLS_AES_128_GCM_SHA256, TLS_CHACHA20_POLY1305_SHA256, TLS_ECDHE_ECDSA_WITH_AES_256_GCM_SHA384, TLS_ECDHE_ECDSA_WITH_AES_128_GCM_SHA256, TLS_ECDHE_ECDSA_WITH_CHACHA20_POLY1305_SHA256, TLS_ECDHE_RSA_WITH_AES_256_GCM_SHA384, TLS_ECDHE_RSA_WITH_CHACHA20_POLY1305_SHA256, TLS_ECDHE_RSA_WITH_AES_128_GCM_SHA256, TLS_DHE_RSA_WITH_AES_256_GCM_SHA384, TLS_DHE_RSA_WITH_CHACHA20_POLY1305_SHA256, TLS_DHE_DSS_WITH_AES_256_GCM_SHA384, TLS_DHE_RSA_WITH_AES_128_GCM_SHA256, TLS_DHE_DSS_WITH_AES_128_GCM_SHA256, TLS_ECDHE_ECDSA_WITH_AES_256_CBC_SHA384, TLS_ECDHE_RSA_WITH_AES_256_CBC_SHA384, TLS_ECDHE_ECDSA_WITH_AES_128_CBC_SHA256, TLS_ECDHE_RSA_WITH_AES_128_CBC_SHA256, TLS_DHE_RSA_WITH_AES_256_CBC_SHA256, TLS_DHE_DSS_WITH_AES_256_CBC_SHA256, TLS_DHE_RSA_WITH_AES_128_CBC_SHA256, TLS_DHE_DSS_WITH_AES_128_CBC_SHA256, TLS_ECDH_ECDSA_WITH_AES_256_GCM_SHA384, TLS_ECDH_RSA_WITH_AES_256_GCM_SHA384, TLS_ECDH_ECDSA_WITH_AES_128_GCM_SHA256, TLS_ECDH_RSA_WITH_AES_128_GCM_SHA256, TLS_ECDH_ECDSA_WITH_AES_256_CBC_SHA384, TLS_ECDH_RSA_WITH_AES_256_CBC_SHA384, TLS_ECDH_ECDSA_WITH_AES_128_CBC_SHA256, TLS_ECDH_RSA_WITH_AES_128_CBC_SHA256, TLS_ECDHE_ECDSA_WITH_AES_256_CBC_SHA, TLS_ECDHE_RSA_WITH_AES_256_CBC_SHA, TLS_ECDHE_ECDSA_WITH_AES_128_CBC_SHA, TLS_ECDHE_RSA_WITH_AES_128_CBC_SHA, TLS_DHE_RSA_WITH_AES_256_CBC_SHA, TLS_DHE_DSS_WITH_AES_256_CBC_SHA, TLS_DHE_RSA_WITH_AES_128_CBC_SHA, TLS_DHE_DSS_WITH_AES_128_CBC_SHA, TLS_ECDH_ECDSA_WITH_AES_256_CBC_SHA, TLS_ECDH_RSA_WITH_AES_256_CBC_SHA, TLS_ECDH_ECDSA_WITH_AES_128_CBC_SHA, TLS_ECDH_RSA_WITH_AES_128_CBC_SHA, TLS_RSA_WITH_AES_256_GCM_SHA384, TLS_RSA_WITH_AES_128_GCM_SHA256, TLS_RSA_WITH_AES_256_CBC_SHA256, TLS_RSA_WITH_AES_128_CBC_SHA256, TLS_RSA_WITH_AES_256_CBC_SHA, TLS_RSA_WITH_AES_128_CBC_SHA, TLS_EMPTY_RENEGOTIATION_INFO_SCSV]
2024-05-25 22:05:56 [ http-bio-8080-exec-9:125 ] - [ DEBUG ] Starting handshake
2024-05-25 22:05:56 [ http-bio-8080-exec-9:252 ] - [ DEBUG ] Secure session established
2024-05-25 22:05:56 [ http-bio-8080-exec-9:252 ] - [ DEBUG ]  negotiated protocol: TLSv1.2
2024-05-25 22:05:56 [ http-bio-8080-exec-9:252 ] - [ DEBUG ]  negotiated cipher suite: TLS_ECDHE_RSA_WITH_AES_128_GCM_SHA256
2024-05-25 22:05:56 [ http-bio-8080-exec-9:253 ] - [ DEBUG ]  peer principal: CN=*.p.rapidapi.com
2024-05-25 22:05:56 [ http-bio-8080-exec-9:253 ] - [ DEBUG ]  peer alternative names: [*.p.rapidapi.com]
2024-05-25 22:05:56 [ http-bio-8080-exec-9:253 ] - [ DEBUG ]  issuer principal: CN=Amazon RSA 2048 M02, O=Amazon, C=US
2024-05-25 22:05:56 [ http-bio-8080-exec-9:256 ] - [ DEBUG ] Connection established 192.168.1.49:36390<->3.77.84.135:443
2024-05-25 22:05:56 [ http-bio-8080-exec-9:257 ] - [ DEBUG ] Executing request GET /words/fuck/definitions HTTP/1.1
2024-05-25 22:05:56 [ http-bio-8080-exec-9:257 ] - [ DEBUG ] Target auth state: UNCHALLENGED
2024-05-25 22:05:56 [ http-bio-8080-exec-9:258 ] - [ DEBUG ] Proxy auth state: UNCHALLENGED
2024-05-25 22:05:56 [ http-bio-8080-exec-9:259 ] - [ DEBUG ] http-outgoing-0 >> GET /words/fuck/definitions HTTP/1.1
2024-05-25 22:05:56 [ http-bio-8080-exec-9:259 ] - [ DEBUG ] http-outgoing-0 >> x-rapidapi-key: 4eca314a24msh01ca7c7cc4be4e7p143556jsn5318d093a358
2024-05-25 22:05:56 [ http-bio-8080-exec-9:259 ] - [ DEBUG ] http-outgoing-0 >> x-rapidapi-host: wordsapiv1.p.rapidapi.com
2024-05-25 22:05:56 [ http-bio-8080-exec-9:260 ] - [ DEBUG ] http-outgoing-0 >> Host: wordsapiv1.p.rapidapi.com
2024-05-25 22:05:56 [ http-bio-8080-exec-9:260 ] - [ DEBUG ] http-outgoing-0 >> Connection: Keep-Alive
2024-05-25 22:05:56 [ http-bio-8080-exec-9:260 ] - [ DEBUG ] http-outgoing-0 >> User-Agent: Apache-HttpClient/4.5.13 (Java/17.0.9)
2024-05-25 22:05:56 [ http-bio-8080-exec-9:260 ] - [ DEBUG ] http-outgoing-0 >> Accept-Encoding: gzip,deflate
2024-05-25 22:05:56 [ http-bio-8080-exec-9:260 ] - [ DEBUG ] http-outgoing-0 >> "GET /words/fuck/definitions HTTP/1.1[\r][\n]"
2024-05-25 22:05:56 [ http-bio-8080-exec-9:261 ] - [ DEBUG ] http-outgoing-0 >> "x-rapidapi-key: 4eca314a24msh01ca7c7cc4be4e7p143556jsn5318d093a358[\r][\n]"
2024-05-25 22:05:56 [ http-bio-8080-exec-9:261 ] - [ DEBUG ] http-outgoing-0 >> "x-rapidapi-host: wordsapiv1.p.rapidapi.com[\r][\n]"
2024-05-25 22:05:56 [ http-bio-8080-exec-9:261 ] - [ DEBUG ] http-outgoing-0 >> "Host: wordsapiv1.p.rapidapi.com[\r][\n]"
2024-05-25 22:05:56 [ http-bio-8080-exec-9:261 ] - [ DEBUG ] http-outgoing-0 >> "Connection: Keep-Alive[\r][\n]"
2024-05-25 22:05:56 [ http-bio-8080-exec-9:264 ] - [ DEBUG ] http-outgoing-0 >> "User-Agent: Apache-HttpClient/4.5.13 (Java/17.0.9)[\r][\n]"
2024-05-25 22:05:56 [ http-bio-8080-exec-9:264 ] - [ DEBUG ] http-outgoing-0 >> "Accept-Encoding: gzip,deflate[\r][\n]"
2024-05-25 22:05:56 [ http-bio-8080-exec-9:264 ] - [ DEBUG ] http-outgoing-0 >> "[\r][\n]"
2024-05-25 22:05:57 [ http-bio-8080-exec-9:873 ] - [ DEBUG ] http-outgoing-0 << "HTTP/1.1 200 OK[\r][\n]"
2024-05-25 22:05:57 [ http-bio-8080-exec-9:874 ] - [ DEBUG ] http-outgoing-0 << "Date: Sat, 25 May 2024 20:05:57 GMT[\r][\n]"
2024-05-25 22:05:57 [ http-bio-8080-exec-9:875 ] - [ DEBUG ] http-outgoing-0 << "Content-Type: application/json; charset=utf-8[\r][\n]"
2024-05-25 22:05:57 [ http-bio-8080-exec-9:875 ] - [ DEBUG ] http-outgoing-0 << "Transfer-Encoding: chunked[\r][\n]"
2024-05-25 22:05:57 [ http-bio-8080-exec-9:875 ] - [ DEBUG ] http-outgoing-0 << "Connection: keep-alive[\r][\n]"
2024-05-25 22:05:57 [ http-bio-8080-exec-9:875 ] - [ DEBUG ] http-outgoing-0 << "ETag: W/"a7-QWaqk54ueiRH/MHlkSXd8w"[\r][\n]"
2024-05-25 22:05:57 [ http-bio-8080-exec-9:876 ] - [ DEBUG ] http-outgoing-0 << "Content-Encoding: gzip[\r][\n]"
2024-05-25 22:05:57 [ http-bio-8080-exec-9:876 ] - [ DEBUG ] http-outgoing-0 << "NEL: {"success_fraction":0,"report_to":"cf-nel","max_age":604800}[\r][\n]"
2024-05-25 22:05:57 [ http-bio-8080-exec-9:876 ] - [ DEBUG ] http-outgoing-0 << "Report-To: {"endpoints":[{"url":"https:\/\/a.nel.cloudflare.com\/report\/v4?s=CRoQybqw9QkSwyg%2Fb0ZHEjeEIlIy0F%2FxmyiEySImNjJBn1Ml2%2BHO%2B5luQaDwaIXq9hkqN4eMMrvVUFhQoez7dHoAaz61IPlKzbBW2dyr64H6lkz9Fsx5VPH2QX1s32Aio0uo"}],"group":"cf-nel","max_age":604800}[\r][\n]"
2024-05-25 22:05:57 [ http-bio-8080-exec-9:876 ] - [ DEBUG ] http-outgoing-0 << "X-Powered-By: Express[\r][\n]"
2024-05-25 22:05:57 [ http-bio-8080-exec-9:876 ] - [ DEBUG ] http-outgoing-0 << "alt-svc: h3=":443"; ma=86400[\r][\n]"
2024-05-25 22:05:57 [ http-bio-8080-exec-9:876 ] - [ DEBUG ] http-outgoing-0 << "CF-RAY: 889824a63e709b3d-FRA[\r][\n]"
2024-05-25 22:05:57 [ http-bio-8080-exec-9:876 ] - [ DEBUG ] http-outgoing-0 << "CF-Cache-Status: DYNAMIC[\r][\n]"
2024-05-25 22:05:57 [ http-bio-8080-exec-9:876 ] - [ DEBUG ] http-outgoing-0 << "X-RateLimit-requests-Limit: 2500[\r][\n]"
2024-05-25 22:05:57 [ http-bio-8080-exec-9:877 ] - [ DEBUG ] http-outgoing-0 << "X-RateLimit-requests-Remaining: 2496[\r][\n]"
2024-05-25 22:05:57 [ http-bio-8080-exec-9:877 ] - [ DEBUG ] http-outgoing-0 << "X-RateLimit-requests-Reset: 53734[\r][\n]"
2024-05-25 22:05:57 [ http-bio-8080-exec-9:877 ] - [ DEBUG ] http-outgoing-0 << "Server: RapidAPI-1.2.8[\r][\n]"
2024-05-25 22:05:57 [ http-bio-8080-exec-9:877 ] - [ DEBUG ] http-outgoing-0 << "X-RapidAPI-Version: 1.2.8[\r][\n]"
2024-05-25 22:05:57 [ http-bio-8080-exec-9:877 ] - [ DEBUG ] http-outgoing-0 << "X-RapidAPI-Region: AWS - eu-central-1[\r][\n]"
2024-05-25 22:05:57 [ http-bio-8080-exec-9:877 ] - [ DEBUG ] http-outgoing-0 << "[\r][\n]"
2024-05-25 22:05:57 [ http-bio-8080-exec-9:877 ] - [ DEBUG ] http-outgoing-0 << "82[\r][\n]"
2024-05-25 22:05:57 [ http-bio-8080-exec-9:877 ] - [ DEBUG ] http-outgoing-0 << "[0x1f][0x8b][0x8][0x0][0x0][0x0][0x0][0x0][0x0][0x3]l[0xcc]1[0xe][0xc3] [0xc][0x5][0xd0][0xab][0xa0]?s[0x2].[0xd1][0xa1]c[0xd5][0x81][0x10]S[0xac]Dvd [0xa9][0x14]q[0xf7][0xac]U[0xdb][0xf1]-[0xef][0xc4][0xa1]6# [0xf7][0xb4][0xc0]c[0xa6][0xcc][0xc2][0x8d]U*[0xc2][0xe3][0xfc]0[0x2]J[0xdc][0xc9]Uz[0xf7][0xb8]:[0x96]F[0x96][0xb4][%wp+[0xf0][0xd8][0xa2][0xb5][[0xbe]oD[0xa9] `'[0x9b]0[0xfc][0xd7]Q[0xd7](/[0x97][0xd5][0xfe]D[0xbf][0x87]h[0x17][0x8c][0xe7][0xb8][0x0][0x0][0x0][0xff][0xff][0x3][0x0]uE[0x17][0xde][0xa7][0x0][0x0][0x0][\r][\n]"
2024-05-25 22:05:57 [ http-bio-8080-exec-9:879 ] - [ DEBUG ] http-outgoing-0 << HTTP/1.1 200 OK
2024-05-25 22:05:57 [ http-bio-8080-exec-9:879 ] - [ DEBUG ] http-outgoing-0 << Date: Sat, 25 May 2024 20:05:57 GMT
2024-05-25 22:05:57 [ http-bio-8080-exec-9:880 ] - [ DEBUG ] http-outgoing-0 << Content-Type: application/json; charset=utf-8
2024-05-25 22:05:57 [ http-bio-8080-exec-9:880 ] - [ DEBUG ] http-outgoing-0 << Transfer-Encoding: chunked
2024-05-25 22:05:57 [ http-bio-8080-exec-9:880 ] - [ DEBUG ] http-outgoing-0 << Connection: keep-alive
2024-05-25 22:05:57 [ http-bio-8080-exec-9:880 ] - [ DEBUG ] http-outgoing-0 << ETag: W/"a7-QWaqk54ueiRH/MHlkSXd8w"
2024-05-25 22:05:57 [ http-bio-8080-exec-9:880 ] - [ DEBUG ] http-outgoing-0 << Content-Encoding: gzip
2024-05-25 22:05:57 [ http-bio-8080-exec-9:880 ] - [ DEBUG ] http-outgoing-0 << NEL: {"success_fraction":0,"report_to":"cf-nel","max_age":604800}
2024-05-25 22:05:57 [ http-bio-8080-exec-9:880 ] - [ DEBUG ] http-outgoing-0 << Report-To: {"endpoints":[{"url":"https:\/\/a.nel.cloudflare.com\/report\/v4?s=CRoQybqw9QkSwyg%2Fb0ZHEjeEIlIy0F%2FxmyiEySImNjJBn1Ml2%2BHO%2B5luQaDwaIXq9hkqN4eMMrvVUFhQoez7dHoAaz61IPlKzbBW2dyr64H6lkz9Fsx5VPH2QX1s32Aio0uo"}],"group":"cf-nel","max_age":604800}
2024-05-25 22:05:57 [ http-bio-8080-exec-9:880 ] - [ DEBUG ] http-outgoing-0 << X-Powered-By: Express
2024-05-25 22:05:57 [ http-bio-8080-exec-9:880 ] - [ DEBUG ] http-outgoing-0 << alt-svc: h3=":443"; ma=86400
2024-05-25 22:05:57 [ http-bio-8080-exec-9:881 ] - [ DEBUG ] http-outgoing-0 << CF-RAY: 889824a63e709b3d-FRA
2024-05-25 22:05:57 [ http-bio-8080-exec-9:881 ] - [ DEBUG ] http-outgoing-0 << CF-Cache-Status: DYNAMIC
2024-05-25 22:05:57 [ http-bio-8080-exec-9:881 ] - [ DEBUG ] http-outgoing-0 << X-RateLimit-requests-Limit: 2500
2024-05-25 22:05:57 [ http-bio-8080-exec-9:881 ] - [ DEBUG ] http-outgoing-0 << X-RateLimit-requests-Remaining: 2496
2024-05-25 22:05:57 [ http-bio-8080-exec-9:881 ] - [ DEBUG ] http-outgoing-0 << X-RateLimit-requests-Reset: 53734
2024-05-25 22:05:57 [ http-bio-8080-exec-9:881 ] - [ DEBUG ] http-outgoing-0 << Server: RapidAPI-1.2.8
2024-05-25 22:05:57 [ http-bio-8080-exec-9:881 ] - [ DEBUG ] http-outgoing-0 << X-RapidAPI-Version: 1.2.8
2024-05-25 22:05:57 [ http-bio-8080-exec-9:881 ] - [ DEBUG ] http-outgoing-0 << X-RapidAPI-Region: AWS - eu-central-1
2024-05-25 22:05:57 [ http-bio-8080-exec-9:883 ] - [ DEBUG ] Connection can be kept alive indefinitely
2024-05-25 22:05:57 [ http-bio-8080-exec-9:887 ] - [ DEBUG ] http-outgoing-0 << "0[\r][\n]"
2024-05-25 22:05:57 [ http-bio-8080-exec-9:887 ] - [ DEBUG ] http-outgoing-0 << "[\r][\n]"
2024-05-25 22:05:57 [ http-bio-8080-exec-9:887 ] - [ DEBUG ] Connection [id: 0][route: {s}->https://wordsapiv1.p.rapidapi.com:443] can be kept alive indefinitely
2024-05-25 22:05:57 [ http-bio-8080-exec-9:888 ] - [ DEBUG ] http-outgoing-0: set socket timeout to 0
2024-05-25 22:05:57 [ http-bio-8080-exec-9:888 ] - [ DEBUG ] Connection released: [id: 0][route: {s}->https://wordsapiv1.p.rapidapi.com:443][total available: 1; route allocated: 1 of 2; total allocated: 1 of 20]
2024-05-25 22:08:40 [ Finalizer:164160 ] - [ DEBUG ] Connection manager is shutting down
2024-05-25 22:08:40 [ Finalizer:164161 ] - [ DEBUG ] http-outgoing-0: Close connection
2024-05-25 22:08:40 [ Finalizer:164168 ] - [ DEBUG ] Connection manager shut down
2024-05-25 22:08:55 [ http-bio-8080-exec-3:178592 ] - [ DEBUG ] CookieSpec selected: default
2024-05-25 22:08:55 [ http-bio-8080-exec-3:178593 ] - [ DEBUG ] Auth cache not set in the context
2024-05-25 22:08:55 [ http-bio-8080-exec-3:178593 ] - [ DEBUG ] Connection request: [route: {s}->https://wordsapiv1.p.rapidapi.com:443][total available: 0; route allocated: 0 of 2; total allocated: 0 of 20]
2024-05-25 22:08:55 [ http-bio-8080-exec-3:178593 ] - [ DEBUG ] Connection leased: [id: 1][route: {s}->https://wordsapiv1.p.rapidapi.com:443][total available: 0; route allocated: 1 of 2; total allocated: 1 of 20]
2024-05-25 22:08:55 [ http-bio-8080-exec-3:178594 ] - [ DEBUG ] Opening connection {s}->https://wordsapiv1.p.rapidapi.com:443
2024-05-25 22:08:55 [ http-bio-8080-exec-3:178611 ] - [ DEBUG ] Connecting to wordsapiv1.p.rapidapi.com/35.156.231.161:443
2024-05-25 22:08:55 [ http-bio-8080-exec-3:178611 ] - [ DEBUG ] Connecting socket to wordsapiv1.p.rapidapi.com/35.156.231.161:443 with timeout 0
2024-05-25 22:08:55 [ http-bio-8080-exec-3:178625 ] - [ DEBUG ] Enabled protocols: [TLSv1.3, TLSv1.2]
2024-05-25 22:08:55 [ http-bio-8080-exec-3:178626 ] - [ DEBUG ] Enabled cipher suites:[TLS_AES_256_GCM_SHA384, TLS_AES_128_GCM_SHA256, TLS_CHACHA20_POLY1305_SHA256, TLS_ECDHE_ECDSA_WITH_AES_256_GCM_SHA384, TLS_ECDHE_ECDSA_WITH_AES_128_GCM_SHA256, TLS_ECDHE_ECDSA_WITH_CHACHA20_POLY1305_SHA256, TLS_ECDHE_RSA_WITH_AES_256_GCM_SHA384, TLS_ECDHE_RSA_WITH_CHACHA20_POLY1305_SHA256, TLS_ECDHE_RSA_WITH_AES_128_GCM_SHA256, TLS_DHE_RSA_WITH_AES_256_GCM_SHA384, TLS_DHE_RSA_WITH_CHACHA20_POLY1305_SHA256, TLS_DHE_DSS_WITH_AES_256_GCM_SHA384, TLS_DHE_RSA_WITH_AES_128_GCM_SHA256, TLS_DHE_DSS_WITH_AES_128_GCM_SHA256, TLS_ECDHE_ECDSA_WITH_AES_256_CBC_SHA384, TLS_ECDHE_RSA_WITH_AES_256_CBC_SHA384, TLS_ECDHE_ECDSA_WITH_AES_128_CBC_SHA256, TLS_ECDHE_RSA_WITH_AES_128_CBC_SHA256, TLS_DHE_RSA_WITH_AES_256_CBC_SHA256, TLS_DHE_DSS_WITH_AES_256_CBC_SHA256, TLS_DHE_RSA_WITH_AES_128_CBC_SHA256, TLS_DHE_DSS_WITH_AES_128_CBC_SHA256, TLS_ECDH_ECDSA_WITH_AES_256_GCM_SHA384, TLS_ECDH_RSA_WITH_AES_256_GCM_SHA384, TLS_ECDH_ECDSA_WITH_AES_128_GCM_SHA256, TLS_ECDH_RSA_WITH_AES_128_GCM_SHA256, TLS_ECDH_ECDSA_WITH_AES_256_CBC_SHA384, TLS_ECDH_RSA_WITH_AES_256_CBC_SHA384, TLS_ECDH_ECDSA_WITH_AES_128_CBC_SHA256, TLS_ECDH_RSA_WITH_AES_128_CBC_SHA256, TLS_ECDHE_ECDSA_WITH_AES_256_CBC_SHA, TLS_ECDHE_RSA_WITH_AES_256_CBC_SHA, TLS_ECDHE_ECDSA_WITH_AES_128_CBC_SHA, TLS_ECDHE_RSA_WITH_AES_128_CBC_SHA, TLS_DHE_RSA_WITH_AES_256_CBC_SHA, TLS_DHE_DSS_WITH_AES_256_CBC_SHA, TLS_DHE_RSA_WITH_AES_128_CBC_SHA, TLS_DHE_DSS_WITH_AES_128_CBC_SHA, TLS_ECDH_ECDSA_WITH_AES_256_CBC_SHA, TLS_ECDH_RSA_WITH_AES_256_CBC_SHA, TLS_ECDH_ECDSA_WITH_AES_128_CBC_SHA, TLS_ECDH_RSA_WITH_AES_128_CBC_SHA, TLS_RSA_WITH_AES_256_GCM_SHA384, TLS_RSA_WITH_AES_128_GCM_SHA256, TLS_RSA_WITH_AES_256_CBC_SHA256, TLS_RSA_WITH_AES_128_CBC_SHA256, TLS_RSA_WITH_AES_256_CBC_SHA, TLS_RSA_WITH_AES_128_CBC_SHA, TLS_EMPTY_RENEGOTIATION_INFO_SCSV]
2024-05-25 22:08:55 [ http-bio-8080-exec-3:178626 ] - [ DEBUG ] Starting handshake
2024-05-25 22:08:55 [ http-bio-8080-exec-3:178670 ] - [ DEBUG ] Secure session established
2024-05-25 22:08:55 [ http-bio-8080-exec-3:178671 ] - [ DEBUG ]  negotiated protocol: TLSv1.2
2024-05-25 22:08:55 [ http-bio-8080-exec-3:178671 ] - [ DEBUG ]  negotiated cipher suite: TLS_ECDHE_RSA_WITH_AES_128_GCM_SHA256
2024-05-25 22:08:55 [ http-bio-8080-exec-3:178671 ] - [ DEBUG ]  peer principal: CN=*.p.rapidapi.com
2024-05-25 22:08:55 [ http-bio-8080-exec-3:178671 ] - [ DEBUG ]  peer alternative names: [*.p.rapidapi.com]
2024-05-25 22:08:55 [ http-bio-8080-exec-3:178671 ] - [ DEBUG ]  issuer principal: CN=Amazon RSA 2048 M02, O=Amazon, C=US
2024-05-25 22:08:55 [ http-bio-8080-exec-3:178672 ] - [ DEBUG ] Connection established 192.168.1.49:52062<->35.156.231.161:443
2024-05-25 22:08:55 [ http-bio-8080-exec-3:178672 ] - [ DEBUG ] Executing request GET /words/bug/definitions HTTP/1.1
2024-05-25 22:08:55 [ http-bio-8080-exec-3:178672 ] - [ DEBUG ] Target auth state: UNCHALLENGED
2024-05-25 22:08:55 [ http-bio-8080-exec-3:178672 ] - [ DEBUG ] Proxy auth state: UNCHALLENGED
2024-05-25 22:08:55 [ http-bio-8080-exec-3:178672 ] - [ DEBUG ] http-outgoing-1 >> GET /words/bug/definitions HTTP/1.1
2024-05-25 22:08:55 [ http-bio-8080-exec-3:178673 ] - [ DEBUG ] http-outgoing-1 >> x-rapidapi-key: 4eca314a24msh01ca7c7cc4be4e7p143556jsn5318d093a358
2024-05-25 22:08:55 [ http-bio-8080-exec-3:178673 ] - [ DEBUG ] http-outgoing-1 >> x-rapidapi-host: wordsapiv1.p.rapidapi.com
2024-05-25 22:08:55 [ http-bio-8080-exec-3:178673 ] - [ DEBUG ] http-outgoing-1 >> Host: wordsapiv1.p.rapidapi.com
2024-05-25 22:08:55 [ http-bio-8080-exec-3:178673 ] - [ DEBUG ] http-outgoing-1 >> Connection: Keep-Alive
2024-05-25 22:08:55 [ http-bio-8080-exec-3:178673 ] - [ DEBUG ] http-outgoing-1 >> User-Agent: Apache-HttpClient/4.5.13 (Java/17.0.9)
2024-05-25 22:08:55 [ http-bio-8080-exec-3:178673 ] - [ DEBUG ] http-outgoing-1 >> Accept-Encoding: gzip,deflate
2024-05-25 22:08:55 [ http-bio-8080-exec-3:178673 ] - [ DEBUG ] http-outgoing-1 >> "GET /words/bug/definitions HTTP/1.1[\r][\n]"
2024-05-25 22:08:55 [ http-bio-8080-exec-3:178674 ] - [ DEBUG ] http-outgoing-1 >> "x-rapidapi-key: 4eca314a24msh01ca7c7cc4be4e7p143556jsn5318d093a358[\r][\n]"
2024-05-25 22:08:55 [ http-bio-8080-exec-3:178674 ] - [ DEBUG ] http-outgoing-1 >> "x-rapidapi-host: wordsapiv1.p.rapidapi.com[\r][\n]"
2024-05-25 22:08:55 [ http-bio-8080-exec-3:178674 ] - [ DEBUG ] http-outgoing-1 >> "Host: wordsapiv1.p.rapidapi.com[\r][\n]"
2024-05-25 22:08:55 [ http-bio-8080-exec-3:178674 ] - [ DEBUG ] http-outgoing-1 >> "Connection: Keep-Alive[\r][\n]"
2024-05-25 22:08:55 [ http-bio-8080-exec-3:178674 ] - [ DEBUG ] http-outgoing-1 >> "User-Agent: Apache-HttpClient/4.5.13 (Java/17.0.9)[\r][\n]"
2024-05-25 22:08:55 [ http-bio-8080-exec-3:178674 ] - [ DEBUG ] http-outgoing-1 >> "Accept-Encoding: gzip,deflate[\r][\n]"
2024-05-25 22:08:55 [ http-bio-8080-exec-3:178674 ] - [ DEBUG ] http-outgoing-1 >> "[\r][\n]"
2024-05-25 22:08:55 [ http-bio-8080-exec-3:178876 ] - [ DEBUG ] http-outgoing-1 << "HTTP/1.1 200 OK[\r][\n]"
2024-05-25 22:08:55 [ http-bio-8080-exec-3:178877 ] - [ DEBUG ] http-outgoing-1 << "Date: Sat, 25 May 2024 20:08:55 GMT[\r][\n]"
2024-05-25 22:08:55 [ http-bio-8080-exec-3:178877 ] - [ DEBUG ] http-outgoing-1 << "Content-Type: application/json; charset=utf-8[\r][\n]"
2024-05-25 22:08:55 [ http-bio-8080-exec-3:178878 ] - [ DEBUG ] http-outgoing-1 << "Transfer-Encoding: chunked[\r][\n]"
2024-05-25 22:08:55 [ http-bio-8080-exec-3:178878 ] - [ DEBUG ] http-outgoing-1 << "Connection: keep-alive[\r][\n]"
2024-05-25 22:08:55 [ http-bio-8080-exec-3:178878 ] - [ DEBUG ] http-outgoing-1 << "ETag: W/"304-HVRzP99AdL6OwtLC1MB2aw"[\r][\n]"
2024-05-25 22:08:55 [ http-bio-8080-exec-3:178878 ] - [ DEBUG ] http-outgoing-1 << "Content-Encoding: gzip[\r][\n]"
2024-05-25 22:08:55 [ http-bio-8080-exec-3:178878 ] - [ DEBUG ] http-outgoing-1 << "NEL: {"success_fraction":0,"report_to":"cf-nel","max_age":604800}[\r][\n]"
2024-05-25 22:08:55 [ http-bio-8080-exec-3:178879 ] - [ DEBUG ] http-outgoing-1 << "Report-To: {"endpoints":[{"url":"https:\/\/a.nel.cloudflare.com\/report\/v4?s=GAiyuGfnFGpafp%2BvPSUm7EniWexWnSQmfyY6Yi2HWnEpNDP%2FIF8HQ1azoENo1j1PKpTl%2ByduFFV45RG8ySEwqAwJz7oB029wmnK%2FDQ8mHC3PTR8G%2Bsh4jhQpvJnWiCbX2z0d"}],"group":"cf-nel","max_age":604800}[\r][\n]"
2024-05-25 22:08:55 [ http-bio-8080-exec-3:178879 ] - [ DEBUG ] http-outgoing-1 << "X-Powered-By: Express[\r][\n]"
2024-05-25 22:08:55 [ http-bio-8080-exec-3:178879 ] - [ DEBUG ] http-outgoing-1 << "alt-svc: h3=":443"; ma=86400[\r][\n]"
2024-05-25 22:08:55 [ http-bio-8080-exec-3:178879 ] - [ DEBUG ] http-outgoing-1 << "CF-RAY: 889829014eb74db8-FRA[\r][\n]"
2024-05-25 22:08:55 [ http-bio-8080-exec-3:178879 ] - [ DEBUG ] http-outgoing-1 << "CF-Cache-Status: DYNAMIC[\r][\n]"
2024-05-25 22:08:55 [ http-bio-8080-exec-3:178879 ] - [ DEBUG ] http-outgoing-1 << "X-RateLimit-requests-Limit: 2500[\r][\n]"
2024-05-25 22:08:55 [ http-bio-8080-exec-3:178880 ] - [ DEBUG ] http-outgoing-1 << "X-RateLimit-requests-Remaining: 2495[\r][\n]"
2024-05-25 22:08:55 [ http-bio-8080-exec-3:178880 ] - [ DEBUG ] http-outgoing-1 << "X-RateLimit-requests-Reset: 53556[\r][\n]"
2024-05-25 22:08:55 [ http-bio-8080-exec-3:178880 ] - [ DEBUG ] http-outgoing-1 << "Server: RapidAPI-1.2.8[\r][\n]"
2024-05-25 22:08:55 [ http-bio-8080-exec-3:178880 ] - [ DEBUG ] http-outgoing-1 << "X-RapidAPI-Version: 1.2.8[\r][\n]"
2024-05-25 22:08:55 [ http-bio-8080-exec-3:178880 ] - [ DEBUG ] http-outgoing-1 << "X-RapidAPI-Region: AWS - eu-central-1[\r][\n]"
2024-05-25 22:08:55 [ http-bio-8080-exec-3:178880 ] - [ DEBUG ] http-outgoing-1 << "[\r][\n]"
2024-05-25 22:08:55 [ http-bio-8080-exec-3:178880 ] - [ DEBUG ] http-outgoing-1 << "17a[\r][\n]"
2024-05-25 22:08:55 [ http-bio-8080-exec-3:178880 ] - [ DEBUG ] http-outgoing-1 << "[0x1f][0x8b][0x8][0x0][0x0][0x0][0x0][0x0][0x0][0x3][0x8c][0x92]1n[0x1c]1[0xc]E[0xaf]B[0xa8]J[0x80][0xcd][0x5]v[0xf][0x91]"e[0x90][0x82][0xab][0xf9]3",Q[0x3][0x92][0xf2]`a[0xf8][0xee][0x86][0xc6]M[0x10];[0x80];R[0x10][0xbf][0xfe][0xfb][0xe2]K:[0xba]-[0xe9][0x9a][0xee]cK[0x97][0xb4]`[0x15][0x95][0x90][0xae][0x9e][0xae][0xbf]_[0xfe][0xea][0xd3]5[0x5][0xef][0xc4][0x14][0xa8][0xd8]KWP[0xb7][0xb3][0xd9][0x8c][0xf7]B[0x87][0x18](:m[0x8][0x12]][0xbb]5>[0xc7].ig[0x8b][0x9f][0xeb][0xaf][0x1d][0xc8]%][0xd3]3[0xec][0x9e]^/[0xff]h[0x8b]:r8[0x1d][0x12][0x85]|[0xe4]'[0xd1][0x8d]Z[0x1f]Q[0xe6][0xb8][0x13][0xeb]Bk7[0x1c][0xa2][0x9b]S[0x14][0xc9]OP,[0xe7]y[0x5]G[0x81]=[0x88][0x83][0xa2][0x80][0xee][0xec][0xb8][0xd1][0xf0][0xc1][0xb5]>[0xc8]K?H4[0xf7][0xb6]W[0x4][0xa8]![0xb8]u[0xdb]Kw[0xf1][0x8f][0xf6][0xb4][0xf][0xfd]h[0x8f]i[0xe5]Qc"/X[0x91]'#1M[0xd1][0x11]0[0xda][0xad]o[0xc6][0xed]B[0xfe][0xf0]@[0xbb][0xcc][0x8b][0x8d]s[0x11][0xc5][0xd7][0x9f]h[0xa2]#@UVL[0xd6]F[0xdf][0xe0];[0xb2][0x9c][0x18]L[0x8b]8[0xd8][0xf1]#[0xf3][0xf0][0x99][0xce][0x9d]s[0xc0]d[0xb4][0xef][0xb7][0x13];`[0x8d][0xc4]I[0xfb][0xe9].[0x90][0x8b]J[0xe6]J[0xc3][0xbf]nB[0xb5]?h[0x87][0xb9]x@[0xa3]>[0xbe][0xfa][0x81]L[0xde][0xb8]V*[0xb2],Pj[0x92][0xad][0x9f]kr[0x9b],TO[0xbd]i[0xdb][0x91][\r][0x9f][\n]"
2024-05-25 22:08:55 [ http-bio-8080-exec-3:178880 ] - [ DEBUG ] http-outgoing-1 << "ni[0x83][0xc2][0xb8][0xbe][0xe3]M)[0xd6][0x7][0xbd][0xaf][0xcb]L[0xd9][0xa5]Ie[0xa3]l[0xc0]>[0xf5][0xfb][0xac][0xf9][0xa8][0xb3][0x16]}[0x86][0x5][0xee][0xc6][0xf1][0xdf][0x8][0xfe][0xbc][0xbe][0x1][0x0][0x0][0xff][0xff][0x3][0x0]K[0xc8]J[0x7][0x4][0x3][0x0][0x0][\r][\n]"
2024-05-25 22:08:55 [ http-bio-8080-exec-3:178881 ] - [ DEBUG ] http-outgoing-1 << HTTP/1.1 200 OK
2024-05-25 22:08:55 [ http-bio-8080-exec-3:178881 ] - [ DEBUG ] http-outgoing-1 << Date: Sat, 25 May 2024 20:08:55 GMT
2024-05-25 22:08:55 [ http-bio-8080-exec-3:178881 ] - [ DEBUG ] http-outgoing-1 << Content-Type: application/json; charset=utf-8
2024-05-25 22:08:55 [ http-bio-8080-exec-3:178881 ] - [ DEBUG ] http-outgoing-1 << Transfer-Encoding: chunked
2024-05-25 22:08:55 [ http-bio-8080-exec-3:178881 ] - [ DEBUG ] http-outgoing-1 << Connection: keep-alive
2024-05-25 22:08:55 [ http-bio-8080-exec-3:178881 ] - [ DEBUG ] http-outgoing-1 << ETag: W/"304-HVRzP99AdL6OwtLC1MB2aw"
2024-05-25 22:08:55 [ http-bio-8080-exec-3:178881 ] - [ DEBUG ] http-outgoing-1 << Content-Encoding: gzip
2024-05-25 22:08:55 [ http-bio-8080-exec-3:178881 ] - [ DEBUG ] http-outgoing-1 << NEL: {"success_fraction":0,"report_to":"cf-nel","max_age":604800}
2024-05-25 22:08:55 [ http-bio-8080-exec-3:178882 ] - [ DEBUG ] http-outgoing-1 << Report-To: {"endpoints":[{"url":"https:\/\/a.nel.cloudflare.com\/report\/v4?s=GAiyuGfnFGpafp%2BvPSUm7EniWexWnSQmfyY6Yi2HWnEpNDP%2FIF8HQ1azoENo1j1PKpTl%2ByduFFV45RG8ySEwqAwJz7oB029wmnK%2FDQ8mHC3PTR8G%2Bsh4jhQpvJnWiCbX2z0d"}],"group":"cf-nel","max_age":604800}
2024-05-25 22:08:55 [ http-bio-8080-exec-3:178882 ] - [ DEBUG ] http-outgoing-1 << X-Powered-By: Express
2024-05-25 22:08:55 [ http-bio-8080-exec-3:178882 ] - [ DEBUG ] http-outgoing-1 << alt-svc: h3=":443"; ma=86400
2024-05-25 22:08:55 [ http-bio-8080-exec-3:178882 ] - [ DEBUG ] http-outgoing-1 << CF-RAY: 889829014eb74db8-FRA
2024-05-25 22:08:55 [ http-bio-8080-exec-3:178882 ] - [ DEBUG ] http-outgoing-1 << CF-Cache-Status: DYNAMIC
2024-05-25 22:08:55 [ http-bio-8080-exec-3:178882 ] - [ DEBUG ] http-outgoing-1 << X-RateLimit-requests-Limit: 2500
2024-05-25 22:08:55 [ http-bio-8080-exec-3:178882 ] - [ DEBUG ] http-outgoing-1 << X-RateLimit-requests-Remaining: 2495
2024-05-25 22:08:55 [ http-bio-8080-exec-3:178882 ] - [ DEBUG ] http-outgoing-1 << X-RateLimit-requests-Reset: 53556
2024-05-25 22:08:55 [ http-bio-8080-exec-3:178882 ] - [ DEBUG ] http-outgoing-1 << Server: RapidAPI-1.2.8
2024-05-25 22:08:55 [ http-bio-8080-exec-3:178883 ] - [ DEBUG ] http-outgoing-1 << X-RapidAPI-Version: 1.2.8
2024-05-25 22:08:55 [ http-bio-8080-exec-3:178883 ] - [ DEBUG ] http-outgoing-1 << X-RapidAPI-Region: AWS - eu-central-1
2024-05-25 22:08:55 [ http-bio-8080-exec-3:178883 ] - [ DEBUG ] Connection can be kept alive indefinitely
2024-05-25 22:08:55 [ http-bio-8080-exec-3:178884 ] - [ DEBUG ] http-outgoing-1 << "0[\r][\n]"
2024-05-25 22:08:55 [ http-bio-8080-exec-3:178884 ] - [ DEBUG ] http-outgoing-1 << "[\r][\n]"
2024-05-25 22:08:55 [ http-bio-8080-exec-3:178885 ] - [ DEBUG ] Connection [id: 1][route: {s}->https://wordsapiv1.p.rapidapi.com:443] can be kept alive indefinitely
2024-05-25 22:08:55 [ http-bio-8080-exec-3:178885 ] - [ DEBUG ] http-outgoing-1: set socket timeout to 0
2024-05-25 22:08:55 [ http-bio-8080-exec-3:178885 ] - [ DEBUG ] Connection released: [id: 1][route: {s}->https://wordsapiv1.p.rapidapi.com:443][total available: 1; route allocated: 1 of 2; total allocated: 1 of 20]
